<?xml version="1.0" encoding="UTF-8"?>
<!-- Generated by org.testng.reporters.JUnitReportReporter -->
<testsuite hostname="LAPTOP-EJ1IEQNT" failures="0" tests="3" name="bs.grid.tests.BSTest" time="46.296" errors="0" timestamp="2025-02-10T17:12:23 IST" skipped="0">
  <testcase classname="bs.grid.tests.BSTest" name="googleTest" time="21.074"/>
  <system-out/>
  <testcase classname="bs.grid.tests.BSTest" name="googleTest" time="11.532"/>
  <system-out/>
  <testcase classname="bs.grid.tests.BSTest" name="googleTest" time="13.690"/>
  <system-out/>
</testsuite> <!-- bs.grid.tests.BSTest -->
